[2025-09-12 06:51:56Z INFO HostContext] No proxy settings were found based on environmental variables (http_proxy/https_proxy/HTTP_PROXY/HTTPS_PROXY)
[2025-09-12 06:51:56Z INFO HostContext] Well known directory 'Bin': 'C:\GITPOC\UFT_GitHubActionPOC\actions-runner\bin'
[2025-09-12 06:51:56Z INFO HostContext] Well known directory 'Root': 'C:\GITPOC\UFT_GitHubActionPOC\actions-runner'
[2025-09-12 06:51:56Z INFO HostContext] Well known config file 'Credentials': 'C:\GITPOC\UFT_GitHubActionPOC\actions-runner\.credentials'
[2025-09-12 06:51:56Z INFO HostContext] Well known directory 'Bin': 'C:\GITPOC\UFT_GitHubActionPOC\actions-runner\bin'
[2025-09-12 06:51:56Z INFO HostContext] Well known directory 'Root': 'C:\GITPOC\UFT_GitHubActionPOC\actions-runner'
[2025-09-12 06:51:56Z INFO HostContext] Well known config file 'Runner': 'C:\GITPOC\UFT_GitHubActionPOC\actions-runner\.runner'
[2025-09-12 06:51:56Z INFO Listener] Runner is built for Windows (X64) - win-x64.
[2025-09-12 06:51:56Z INFO Listener] RuntimeInformation: Microsoft Windows 10.0.17763.
[2025-09-12 06:51:56Z INFO Listener] Version: 2.328.0
[2025-09-12 06:51:56Z INFO Listener] Commit: 6f9a9110adce65f44ca6f7c0ae142b9cc6af937b
[2025-09-12 06:51:56Z INFO Listener] Culture: en-US
[2025-09-12 06:51:56Z INFO Listener] UI Culture: en-US
[2025-09-12 06:51:56Z INFO HostContext] Well known directory 'Bin': 'C:\GITPOC\UFT_GitHubActionPOC\actions-runner\bin'
[2025-09-12 06:51:56Z INFO HostContext] Well known directory 'Root': 'C:\GITPOC\UFT_GitHubActionPOC\actions-runner'
[2025-09-12 06:51:56Z INFO Listener] Validating directory permissions for: 'C:\GITPOC\UFT_GitHubActionPOC\actions-runner'
[2025-09-12 06:51:56Z INFO CommandLineParser] Parse
[2025-09-12 06:51:56Z INFO CommandLineParser] Parsing 5 args
[2025-09-12 06:51:56Z INFO CommandLineParser] parsing argument
[2025-09-12 06:51:56Z INFO CommandLineParser] HasArgs: False
[2025-09-12 06:51:56Z INFO CommandLineParser] Adding Command: configure
[2025-09-12 06:51:56Z INFO CommandLineParser] parsing argument
[2025-09-12 06:51:56Z INFO CommandLineParser] HasArgs: True
[2025-09-12 06:51:56Z INFO CommandLineParser] arg: url
[2025-09-12 06:51:56Z INFO CommandLineParser] parsing argument
[2025-09-12 06:51:56Z INFO CommandLineParser] HasArgs: True
[2025-09-12 06:51:56Z INFO CommandLineParser] Adding option 'url': 'https://github.com/kumam225/UFT_GitHubActionPOC'
[2025-09-12 06:51:56Z INFO CommandLineParser] parsing argument
[2025-09-12 06:51:56Z INFO CommandLineParser] HasArgs: True
[2025-09-12 06:51:56Z INFO CommandLineParser] arg: token
[2025-09-12 06:51:56Z INFO CommandLineParser] parsing argument
[2025-09-12 06:51:56Z INFO CommandLineParser] HasArgs: True
[2025-09-12 06:51:56Z INFO CommandLineParser] Adding option 'token': '***'
[2025-09-12 06:51:56Z INFO Listener] Arguments parsed
[2025-09-12 06:51:56Z INFO Runner] ExecuteCommand
[2025-09-12 06:51:56Z INFO ConfigurationStore] currentAssemblyLocation: C:\GITPOC\UFT_GitHubActionPOC\actions-runner\bin\Runner.Listener.dll
[2025-09-12 06:51:56Z INFO HostContext] Well known directory 'Bin': 'C:\GITPOC\UFT_GitHubActionPOC\actions-runner\bin'
[2025-09-12 06:51:56Z INFO ConfigurationStore] binPath: C:\GITPOC\UFT_GitHubActionPOC\actions-runner\bin
[2025-09-12 06:51:56Z INFO HostContext] Well known directory 'Bin': 'C:\GITPOC\UFT_GitHubActionPOC\actions-runner\bin'
[2025-09-12 06:51:56Z INFO HostContext] Well known directory 'Root': 'C:\GITPOC\UFT_GitHubActionPOC\actions-runner'
[2025-09-12 06:51:56Z INFO ConfigurationStore] RootFolder: C:\GITPOC\UFT_GitHubActionPOC\actions-runner
[2025-09-12 06:51:56Z INFO HostContext] Well known directory 'Bin': 'C:\GITPOC\UFT_GitHubActionPOC\actions-runner\bin'
[2025-09-12 06:51:56Z INFO HostContext] Well known directory 'Root': 'C:\GITPOC\UFT_GitHubActionPOC\actions-runner'
[2025-09-12 06:51:56Z INFO HostContext] Well known config file 'Runner': 'C:\GITPOC\UFT_GitHubActionPOC\actions-runner\.runner'
[2025-09-12 06:51:56Z INFO ConfigurationStore] ConfigFilePath: C:\GITPOC\UFT_GitHubActionPOC\actions-runner\.runner
[2025-09-12 06:51:56Z INFO HostContext] Well known directory 'Bin': 'C:\GITPOC\UFT_GitHubActionPOC\actions-runner\bin'
[2025-09-12 06:51:56Z INFO HostContext] Well known directory 'Root': 'C:\GITPOC\UFT_GitHubActionPOC\actions-runner'
[2025-09-12 06:51:56Z INFO HostContext] Well known config file 'MigratedRunner': 'C:\GITPOC\UFT_GitHubActionPOC\actions-runner\.runner_migrated'
[2025-09-12 06:51:56Z INFO ConfigurationStore] MigratedConfigFilePath: C:\GITPOC\UFT_GitHubActionPOC\actions-runner\.runner_migrated
[2025-09-12 06:51:56Z INFO HostContext] Well known directory 'Bin': 'C:\GITPOC\UFT_GitHubActionPOC\actions-runner\bin'
[2025-09-12 06:51:56Z INFO HostContext] Well known directory 'Root': 'C:\GITPOC\UFT_GitHubActionPOC\actions-runner'
[2025-09-12 06:51:56Z INFO HostContext] Well known config file 'Credentials': 'C:\GITPOC\UFT_GitHubActionPOC\actions-runner\.credentials'
[2025-09-12 06:51:56Z INFO ConfigurationStore] CredFilePath: C:\GITPOC\UFT_GitHubActionPOC\actions-runner\.credentials
[2025-09-12 06:51:56Z INFO HostContext] Well known directory 'Bin': 'C:\GITPOC\UFT_GitHubActionPOC\actions-runner\bin'
[2025-09-12 06:51:56Z INFO HostContext] Well known directory 'Root': 'C:\GITPOC\UFT_GitHubActionPOC\actions-runner'
[2025-09-12 06:51:56Z INFO HostContext] Well known config file 'MigratedCredentials': 'C:\GITPOC\UFT_GitHubActionPOC\actions-runner\.credentials_migrated'
[2025-09-12 06:51:56Z INFO ConfigurationStore] MigratedCredFilePath: C:\GITPOC\UFT_GitHubActionPOC\actions-runner\.credentials_migrated
[2025-09-12 06:51:56Z INFO HostContext] Well known directory 'Bin': 'C:\GITPOC\UFT_GitHubActionPOC\actions-runner\bin'
[2025-09-12 06:51:56Z INFO HostContext] Well known directory 'Root': 'C:\GITPOC\UFT_GitHubActionPOC\actions-runner'
[2025-09-12 06:51:56Z INFO HostContext] Well known config file 'Service': 'C:\GITPOC\UFT_GitHubActionPOC\actions-runner\.service'
[2025-09-12 06:51:56Z INFO ConfigurationStore] ServiceConfigFilePath: C:\GITPOC\UFT_GitHubActionPOC\actions-runner\.service
[2025-09-12 06:51:56Z INFO CommandSettings] Flag 'help': 'False'
[2025-09-12 06:51:56Z INFO CommandSettings] Flag 'version': 'False'
[2025-09-12 06:51:56Z INFO CommandSettings] Flag 'commit': 'False'
[2025-09-12 06:51:56Z INFO CommandSettings] Flag 'check': 'False'
[2025-09-12 06:51:56Z INFO CommandSettings] Command 'configure': 'True'
[2025-09-12 06:51:56Z INFO Terminal] WRITE LINE: 
[2025-09-12 06:51:56Z INFO Terminal] WRITE LINE: --------------------------------------------------------------------------------
[2025-09-12 06:51:56Z INFO Terminal] WRITE LINE: |        ____ _ _   _   _       _          _        _   _                      |
[2025-09-12 06:51:56Z INFO Terminal] WRITE LINE: |       / ___(_) |_| | | |_   _| |__      / \   ___| |_(_) ___  _ __  ___      |
[2025-09-12 06:51:56Z INFO Terminal] WRITE LINE: |      | |  _| | __| |_| | | | | '_ \    / _ \ / __| __| |/ _ \| '_ \/ __|     |
[2025-09-12 06:51:56Z INFO Terminal] WRITE LINE: |      | |_| | | |_|  _  | |_| | |_) |  / ___ \ (__| |_| | (_) | | | \__ \     |
[2025-09-12 06:51:56Z INFO Terminal] WRITE LINE: |       \____|_|\__|_| |_|\__,_|_.__/  /_/   \_\___|\__|_|\___/|_| |_|___/     |
[2025-09-12 06:51:56Z INFO Terminal] WRITE LINE: |                                                                              |
[2025-09-12 06:51:56Z INFO Terminal] WRITE: |                       
[2025-09-12 06:51:56Z INFO Terminal] WRITE: Self-hosted runner registration
[2025-09-12 06:51:56Z INFO Terminal] WRITE LINE:                         |
[2025-09-12 06:51:56Z INFO Terminal] WRITE LINE: |                                                                              |
[2025-09-12 06:51:56Z INFO Terminal] WRITE LINE: --------------------------------------------------------------------------------
[2025-09-12 06:51:56Z INFO ConfigurationManager] ConfigureAsync
[2025-09-12 06:51:56Z INFO CommandSettings] Flag 'generateServiceConfig': 'False'
[2025-09-12 06:51:56Z INFO ConfigurationStore] IsConfigured()
[2025-09-12 06:51:56Z INFO ConfigurationStore] IsConfigured: False
[2025-09-12 06:51:56Z INFO ConfigurationManager] Is configured: False
[2025-09-12 06:51:56Z INFO CommandSettings] Arg 'url': 'https://github.com/kumam225/UFT_GitHubActionPOC'
[2025-09-12 06:51:56Z INFO CommandSettings] Remove url from Arg dictionary.
[2025-09-12 06:51:56Z INFO CommandSettings] Arg 'token': '***'
[2025-09-12 06:51:56Z INFO CommandSettings] Remove token from Arg dictionary.
[2025-09-12 06:51:57Z INFO ConfigurationManager] Http response code: OK from 'POST https://api.github.com/actions/runner-registration' (B643:23956E:132C7AA:3F3477C:68C3C30C)
[2025-09-12 06:51:57Z INFO ConfigurationManager] Using V2 flow: False
[2025-09-12 06:51:57Z INFO ConfigurationManager] cred retrieved via GitHub auth
[2025-09-12 06:51:57Z INFO RunnerServer] EstablishVssConnection
[2025-09-12 06:51:57Z INFO RunnerServer] Establish connection with 100 seconds timeout.
[2025-09-12 06:51:57Z INFO GitHubActionsService] Starting operation Location.GetConnectionData
[2025-09-12 06:51:57Z INFO RunnerServer] EstablishVssConnection
[2025-09-12 06:51:57Z INFO RunnerServer] Establish connection with 60 seconds timeout.
[2025-09-12 06:51:57Z INFO GitHubActionsService] Starting operation Location.GetConnectionData
[2025-09-12 06:51:57Z INFO RunnerServer] EstablishVssConnection
[2025-09-12 06:51:57Z INFO RunnerServer] Establish connection with 60 seconds timeout.
[2025-09-12 06:51:57Z INFO GitHubActionsService] Starting operation Location.GetConnectionData
[2025-09-12 06:51:57Z INFO GitHubActionsService] Finished operation Location.GetConnectionData
[2025-09-12 06:51:57Z INFO GitHubActionsService] Finished operation Location.GetConnectionData
[2025-09-12 06:51:57Z INFO GitHubActionsService] Finished operation Location.GetConnectionData
[2025-09-12 06:51:57Z INFO Terminal] WRITE LINE: 
[2025-09-12 06:51:57Z INFO ConfigurationManager] Test Connection complete.
[2025-09-12 06:51:57Z INFO HostContext] Well known directory 'Bin': 'C:\GITPOC\UFT_GitHubActionPOC\actions-runner\bin'
[2025-09-12 06:51:57Z INFO HostContext] Well known directory 'Root': 'C:\GITPOC\UFT_GitHubActionPOC\actions-runner'
[2025-09-12 06:51:57Z INFO HostContext] Well known config file 'RSACredentials': 'C:\GITPOC\UFT_GitHubActionPOC\actions-runner\.credentials_rsaparams'
[2025-09-12 06:51:57Z INFO RSAEncryptedFileKeyManager] Creating new RSA key using 2048-bit key length
[2025-09-12 06:51:57Z INFO RSAEncryptedFileKeyManager] Successfully saved RSA key parameters to file C:\GITPOC\UFT_GitHubActionPOC\actions-runner\.credentials_rsaparams
[2025-09-12 06:51:57Z INFO CommandSettings] Arg 'runnergroup': ''
[2025-09-12 06:51:57Z INFO CommandSettings] Flag 'unattended': 'False'
[2025-09-12 06:51:57Z INFO PromptManager] ReadValue
[2025-09-12 06:51:57Z INFO Terminal] WRITE: Enter the name of the runner group to add this runner to: 
[2025-09-12 06:51:57Z INFO Terminal] WRITE: [press Enter for Default] 
[2025-09-12 06:51:57Z INFO Terminal] READ LINE
[2025-09-12 06:52:17Z INFO Terminal] Read value: ''
[2025-09-12 06:52:17Z INFO PromptManager] Falling back to the default: 'Default'
[2025-09-12 06:52:17Z INFO Terminal] WRITE LINE: 
[2025-09-12 06:52:17Z INFO ConfigurationManager] Found a self-hosted runner group with id 1 and name Default
[2025-09-12 06:52:17Z INFO CommandSettings] Flag 'disableupdate': 'False'
[2025-09-12 06:52:17Z INFO CommandSettings] Flag 'ephemeral': 'False'
[2025-09-12 06:52:17Z INFO CommandSettings] Arg 'name': ''
[2025-09-12 06:52:17Z INFO CommandSettings] Flag 'unattended': 'False'
[2025-09-12 06:52:17Z INFO PromptManager] ReadValue
[2025-09-12 06:52:17Z INFO Terminal] WRITE: Enter the name of runner: 
[2025-09-12 06:52:17Z INFO Terminal] WRITE: [press Enter for AMRAEWP00020805] 
[2025-09-12 06:52:17Z INFO Terminal] READ LINE
[2025-09-12 06:52:34Z INFO Terminal] Read value: ''
[2025-09-12 06:52:34Z INFO PromptManager] Falling back to the default: 'AMRAEWP00020805'
[2025-09-12 06:52:34Z INFO Terminal] WRITE LINE: 
[2025-09-12 06:52:34Z INFO CommandSettings] Arg 'labels': ''
[2025-09-12 06:52:34Z INFO CommandSettings] Flag 'unattended': 'False'
[2025-09-12 06:52:34Z INFO PromptManager] ReadValue
[2025-09-12 06:52:34Z INFO Terminal] WRITE: This runner will have the following labels: 'self-hosted', 'Windows', 'X64' 
Enter any additional labels (ex. label-1,label-2): 
[2025-09-12 06:52:34Z INFO Terminal] WRITE: [press Enter to skip] 
[2025-09-12 06:52:34Z INFO Terminal] READ LINE
[2025-09-12 06:52:39Z INFO Terminal] Read value: ''
[2025-09-12 06:52:39Z INFO Terminal] WRITE LINE: 
[2025-09-12 06:52:39Z INFO CommandSettings] Flag 'disableupdate': 'False'
[2025-09-12 06:52:39Z INFO CommandSettings] Flag 'no-default-labels': 'False'
[2025-09-12 06:52:40Z INFO CommandSettings] Flag 'disableupdate': 'False'
[2025-09-12 06:52:40Z INFO CommandSettings] Flag 'ephemeral': 'False'
[2025-09-12 06:52:40Z INFO ConfigurationStore] Saving OAuth credential @ C:\GITPOC\UFT_GitHubActionPOC\actions-runner\.credentials
[2025-09-12 06:52:40Z INFO ConfigurationStore] Credentials Saved.
[2025-09-12 06:52:40Z INFO ConfigurationStore] HasCredentials()
[2025-09-12 06:52:40Z INFO ConfigurationStore] stored True
[2025-09-12 06:52:40Z INFO CredentialManager] GetCredentialProvider
[2025-09-12 06:52:40Z INFO CredentialManager] Creating type OAuth
[2025-09-12 06:52:40Z INFO CredentialManager] Creating credential type: OAuth
[2025-09-12 06:52:40Z INFO RSAEncryptedFileKeyManager] Loading RSA key parameters from file C:\GITPOC\UFT_GitHubActionPOC\actions-runner\.credentials_rsaparams
[2025-09-12 06:52:40Z INFO RunnerServer] EstablishVssConnection
[2025-09-12 06:52:40Z INFO RunnerServer] Establish connection with 100 seconds timeout.
[2025-09-12 06:52:40Z INFO GitHubActionsService] Starting operation Location.GetConnectionData
[2025-09-12 06:52:40Z INFO RunnerServer] EstablishVssConnection
[2025-09-12 06:52:40Z INFO RunnerServer] Establish connection with 60 seconds timeout.
[2025-09-12 06:52:40Z INFO GitHubActionsService] Starting operation Location.GetConnectionData
[2025-09-12 06:52:40Z INFO RunnerServer] EstablishVssConnection
[2025-09-12 06:52:40Z INFO RunnerServer] Establish connection with 60 seconds timeout.
[2025-09-12 06:52:40Z INFO GitHubActionsService] Starting operation Location.GetConnectionData
[2025-09-12 06:52:40Z INFO GitHubActionsService] Finished operation Location.GetConnectionData
[2025-09-12 06:52:40Z INFO GitHubActionsService] Finished operation Location.GetConnectionData
[2025-09-12 06:52:40Z INFO GitHubActionsService] Finished operation Location.GetConnectionData
[2025-09-12 06:52:40Z INFO RSAEncryptedFileKeyManager] Loading RSA key parameters from file C:\GITPOC\UFT_GitHubActionPOC\actions-runner\.credentials_rsaparams
[2025-09-12 06:52:40Z INFO RSAEncryptedFileKeyManager] Loading RSA key parameters from file C:\GITPOC\UFT_GitHubActionPOC\actions-runner\.credentials_rsaparams
[2025-09-12 06:52:40Z INFO GitHubActionsService] AAD Correlation ID for this token request: Unknown
[2025-09-12 06:52:40Z INFO ConfigurationManager] Service enforced serverUrlV2: https://broker.actions.githubusercontent.com/
[2025-09-12 06:52:40Z INFO ConfigurationManager] Service enforced useV2Flow: True
[2025-09-12 06:52:40Z INFO CommandSettings] Arg 'work': ''
[2025-09-12 06:52:40Z INFO CommandSettings] Flag 'unattended': 'False'
[2025-09-12 06:52:40Z INFO PromptManager] ReadValue
[2025-09-12 06:52:40Z INFO Terminal] WRITE: Enter name of work folder: 
[2025-09-12 06:52:40Z INFO Terminal] WRITE: [press Enter for _work] 
[2025-09-12 06:52:40Z INFO Terminal] READ LINE
[2025-09-12 06:52:49Z INFO Terminal] Read value: ''
[2025-09-12 06:52:49Z INFO PromptManager] Falling back to the default: '_work'
[2025-09-12 06:52:49Z INFO ConfigurationStore] Saving runner settings.
[2025-09-12 06:52:49Z INFO ConfigurationStore] Settings Saved.
[2025-09-12 06:52:49Z INFO Terminal] WRITE LINE: 
[2025-09-12 06:52:49Z INFO Terminal] WRITE LINE: 
[2025-09-12 06:52:49Z INFO CommandSettings] Flag 'runasservice': 'False'
[2025-09-12 06:52:49Z INFO CommandSettings] Flag 'unattended': 'False'
[2025-09-12 06:52:49Z INFO PromptManager] ReadValue
[2025-09-12 06:52:49Z INFO Terminal] WRITE: Would you like to run the runner as service? (Y/N) 
[2025-09-12 06:52:49Z INFO Terminal] WRITE: [press Enter for N] 
[2025-09-12 06:52:49Z INFO Terminal] READ LINE
[2025-09-12 06:53:29Z INFO Terminal] Read value: ''
[2025-09-12 06:53:29Z INFO PromptManager] Falling back to the default: 'N'
[2025-09-12 06:53:29Z INFO Listener] Runner execution has finished with return code 0
